Started GET "/" for ::1 at 2017-04-24 10:09:39 +0800
  [1m[36mActiveRecord::SchemaMigration Load (1.7ms)[0m  [1m[34mSELECT `schema_migrations`.* FROM `schema_migrations`[0m
Processing by UsersController#index as HTML
  Rendering users/index.html.erb within layouts/application
  [1m[36mUser Load (2.3ms)[0m  [1m[34mSELECT `users`.* FROM `users` WHERE (ListAgentEmail NOT IN (SELECT `blocklists`.`ListAgentEmail` FROM `blocklists`))[0m
  Rendered users/index.html.erb within layouts/application (15.3ms)
  Rendered common/_navbar.html.erb (0.7ms)
  Rendered common/_footer.html.erb (0.6ms)
Completed 200 OK in 572ms (Views: 537.0ms | ActiveRecord: 7.6ms)


Started GET "/" for ::1 at 2017-04-24 10:11:19 +0800
Processing by UsersController#index as HTML
  Rendering users/index.html.erb within layouts/application
  [1m[36mUser Load (0.8ms)[0m  [1m[34mSELECT `users`.* FROM `users` WHERE (ListAgentEmail NOT IN (SELECT `blocklists`.`ListAgentEmail` FROM `blocklists`))[0m
  Rendered users/index.html.erb within layouts/application (3.5ms)
  Rendered common/_navbar.html.erb (0.5ms)
  Rendered common/_footer.html.erb (0.3ms)
Completed 200 OK in 53ms (Views: 48.5ms | ActiveRecord: 0.8ms)


Started GET "/" for ::1 at 2017-04-24 10:12:04 +0800
Processing by UsersController#index as HTML
  Rendering users/index.html.erb within layouts/application
  [1m[36mUser Load (0.8ms)[0m  [1m[34mSELECT `users`.* FROM `users` WHERE (ListAgentEmail NOT IN (SELECT `blocklists`.`ListAgentEmail` FROM `blocklists`))[0m
  Rendered users/index.html.erb within layouts/application (3.2ms)
  Rendered common/_navbar.html.erb (0.5ms)
  Rendered common/_footer.html.erb (0.7ms)
Completed 200 OK in 59ms (Views: 55.5ms | ActiveRecord: 0.8ms)


Started GET "/" for ::1 at 2017-04-24 10:12:22 +0800
Processing by UsersController#index as HTML
  Rendering users/index.html.erb within layouts/application
  Rendered users/index.html.erb within layouts/application (2.8ms)
Completed 500 Internal Server Error in 14ms (ActiveRecord: 0.0ms)


  
SyntaxError (/Users/zxcxz/rorproj/amls/app/views/users/index.html.erb:4: syntax error, unexpected keyword_class, expecting ')'
nd=( submit_tag "Import" class "btn btn-success" );@output_b
                              ^
/Users/zxcxz/rorproj/amls/app/views/users/index.html.erb:4: syntax error, unexpected ')', expecting &. or :: or '[' or '.'
ort" class "btn btn-success" );@output_buffer.safe_append='
                              ^
/Users/zxcxz/rorproj/amls/app/views/users/index.html.erb:5: syntax error, unexpected keyword_end, expecting ')'
'.freeze; end 
             ^
/Users/zxcxz/rorproj/amls/app/views/users/index.html.erb:104: syntax error, unexpected keyword_ensure, expecting ')'
          ensure
                ^
/Users/zxcxz/rorproj/amls/app/views/users/index.html.erb:106: syntax error, unexpected keyword_end, expecting ')'
          end
             ^):
  
app/views/users/index.html.erb:4: syntax error, unexpected keyword_class, expecting ')'
app/views/users/index.html.erb:4: syntax error, unexpected ')', expecting &. or :: or '[' or '.'
app/views/users/index.html.erb:5: syntax error, unexpected keyword_end, expecting ')'
app/views/users/index.html.erb:104: syntax error, unexpected keyword_ensure, expecting ')'
app/views/users/index.html.erb:106: syntax error, unexpected keyword_end, expecting ')'
  Rendering /Users/zxcxz/.rvm/gems/ruby-2.4.0/gems/actionpack-5.0.2/lib/action_dispatch/middleware/templates/rescues/diagnostics.html.erb within rescues/layout
  Rendering /Users/zxcxz/.rvm/gems/ruby-2.4.0/gems/actionpack-5.0.2/lib/action_dispatch/middleware/templates/rescues/_source.html.erb
  Rendered /Users/zxcxz/.rvm/gems/ruby-2.4.0/gems/actionpack-5.0.2/lib/action_dispatch/middleware/templates/rescues/_source.html.erb (6.4ms)
  Rendering /Users/zxcxz/.rvm/gems/ruby-2.4.0/gems/actionpack-5.0.2/lib/action_dispatch/middleware/templates/rescues/_trace.html.erb
  Rendered /Users/zxcxz/.rvm/gems/ruby-2.4.0/gems/actionpack-5.0.2/lib/action_dispatch/middleware/templates/rescues/_trace.html.erb (3.3ms)
  Rendering /Users/zxcxz/.rvm/gems/ruby-2.4.0/gems/actionpack-5.0.2/lib/action_dispatch/middleware/templates/rescues/_request_and_response.html.erb
  Rendered /Users/zxcxz/.rvm/gems/ruby-2.4.0/gems/actionpack-5.0.2/lib/action_dispatch/middleware/templates/rescues/_request_and_response.html.erb (0.8ms)
  Rendered /Users/zxcxz/.rvm/gems/ruby-2.4.0/gems/actionpack-5.0.2/lib/action_dispatch/middleware/templates/rescues/diagnostics.html.erb within rescues/layout (89.4ms)
Started GET "/" for ::1 at 2017-04-24 10:12:50 +0800
Processing by UsersController#index as HTML
  Rendering users/index.html.erb within layouts/application
  Rendered users/index.html.erb within layouts/application (2.4ms)
Completed 500 Internal Server Error in 11ms (ActiveRecord: 0.0ms)


  
SyntaxError (/Users/zxcxz/rorproj/amls/app/views/users/index.html.erb:4: syntax error, unexpected ':', expecting ')'
append=( submit_tag "Import" :class=>"btn btn-success");@out
                              ^):
  
app/views/users/index.html.erb:4: syntax error, unexpected ':', expecting ')'
append=( submit_tag "Import" :class=>"btn btn-success");@out
  Rendering /Users/zxcxz/.rvm/gems/ruby-2.4.0/gems/actionpack-5.0.2/lib/action_dispatch/middleware/templates/rescues/diagnostics.html.erb within rescues/layout
  Rendering /Users/zxcxz/.rvm/gems/ruby-2.4.0/gems/actionpack-5.0.2/lib/action_dispatch/middleware/templates/rescues/_source.html.erb
  Rendered /Users/zxcxz/.rvm/gems/ruby-2.4.0/gems/actionpack-5.0.2/lib/action_dispatch/middleware/templates/rescues/_source.html.erb (7.5ms)
  Rendering /Users/zxcxz/.rvm/gems/ruby-2.4.0/gems/actionpack-5.0.2/lib/action_dispatch/middleware/templates/rescues/_trace.html.erb
  Rendered /Users/zxcxz/.rvm/gems/ruby-2.4.0/gems/actionpack-5.0.2/lib/action_dispatch/middleware/templates/rescues/_trace.html.erb (2.5ms)
  Rendering /Users/zxcxz/.rvm/gems/ruby-2.4.0/gems/actionpack-5.0.2/lib/action_dispatch/middleware/templates/rescues/_request_and_response.html.erb
  Rendered /Users/zxcxz/.rvm/gems/ruby-2.4.0/gems/actionpack-5.0.2/lib/action_dispatch/middleware/templates/rescues/_request_and_response.html.erb (0.8ms)
  Rendered /Users/zxcxz/.rvm/gems/ruby-2.4.0/gems/actionpack-5.0.2/lib/action_dispatch/middleware/templates/rescues/diagnostics.html.erb within rescues/layout (86.9ms)
Started GET "/" for ::1 at 2017-04-24 10:13:33 +0800
Processing by UsersController#index as HTML
  Rendering users/index.html.erb within layouts/application
  [1m[36mUser Load (1.4ms)[0m  [1m[34mSELECT `users`.* FROM `users` WHERE (ListAgentEmail NOT IN (SELECT `blocklists`.`ListAgentEmail` FROM `blocklists`))[0m
  Rendered users/index.html.erb within layouts/application (5.3ms)
  Rendered common/_navbar.html.erb (0.8ms)
  Rendered common/_footer.html.erb (0.3ms)
Completed 200 OK in 53ms (Views: 49.0ms | ActiveRecord: 1.4ms)


Started GET "/" for ::1 at 2017-04-24 10:13:52 +0800
Processing by UsersController#index as HTML
  Rendering users/index.html.erb within layouts/application
  [1m[36mUser Load (0.8ms)[0m  [1m[34mSELECT `users`.* FROM `users` WHERE (ListAgentEmail NOT IN (SELECT `blocklists`.`ListAgentEmail` FROM `blocklists`))[0m
  Rendered users/index.html.erb within layouts/application (5.7ms)
  Rendered common/_navbar.html.erb (0.5ms)
  Rendered common/_footer.html.erb (0.4ms)
Completed 200 OK in 78ms (Views: 73.0ms | ActiveRecord: 0.8ms)


Started GET "/" for ::1 at 2017-04-24 10:14:05 +0800
Processing by UsersController#index as HTML
  Rendering users/index.html.erb within layouts/application
  [1m[36mUser Load (0.8ms)[0m  [1m[34mSELECT `users`.* FROM `users` WHERE (ListAgentEmail NOT IN (SELECT `blocklists`.`ListAgentEmail` FROM `blocklists`))[0m
  Rendered users/index.html.erb within layouts/application (5.1ms)
  Rendered common/_navbar.html.erb (0.8ms)
  Rendered common/_footer.html.erb (0.4ms)
Completed 200 OK in 54ms (Views: 50.0ms | ActiveRecord: 0.8ms)


Started GET "/" for ::1 at 2017-04-24 10:14:12 +0800
Processing by UsersController#index as HTML
  Rendering users/index.html.erb within layouts/application
  [1m[36mUser Load (0.8ms)[0m  [1m[34mSELECT `users`.* FROM `users` WHERE (ListAgentEmail NOT IN (SELECT `blocklists`.`ListAgentEmail` FROM `blocklists`))[0m
  Rendered users/index.html.erb within layouts/application (4.3ms)
  Rendered common/_navbar.html.erb (0.8ms)
  Rendered common/_footer.html.erb (0.4ms)
Completed 200 OK in 52ms (Views: 47.2ms | ActiveRecord: 0.8ms)


Started GET "/" for ::1 at 2017-04-24 10:14:56 +0800
Processing by UsersController#index as HTML
  Rendering users/index.html.erb within layouts/application
  [1m[36mUser Load (0.7ms)[0m  [1m[34mSELECT `users`.* FROM `users` WHERE (ListAgentEmail NOT IN (SELECT `blocklists`.`ListAgentEmail` FROM `blocklists`))[0m
  Rendered users/index.html.erb within layouts/application (3.1ms)
  Rendered common/_navbar.html.erb (0.4ms)
  Rendered common/_footer.html.erb (0.3ms)
Completed 200 OK in 50ms (Views: 47.1ms | ActiveRecord: 0.7ms)


Started GET "/" for ::1 at 2017-04-24 10:15:58 +0800
Processing by UsersController#index as HTML
  Rendering users/index.html.erb within layouts/application
  [1m[36mUser Load (0.8ms)[0m  [1m[34mSELECT `users`.* FROM `users` WHERE (ListAgentEmail NOT IN (SELECT `blocklists`.`ListAgentEmail` FROM `blocklists`))[0m
  Rendered users/index.html.erb within layouts/application (4.4ms)
  Rendered common/_navbar.html.erb (0.4ms)
  Rendered common/_footer.html.erb (0.3ms)
Completed 200 OK in 52ms (Views: 49.4ms | ActiveRecord: 0.8ms)


Started GET "/" for ::1 at 2017-04-24 10:17:53 +0800
Processing by UsersController#index as HTML
  Rendering users/index.html.erb within layouts/application
  [1m[36mUser Load (1.5ms)[0m  [1m[34mSELECT `users`.* FROM `users` WHERE (ListAgentEmail NOT IN (SELECT `blocklists`.`ListAgentEmail` FROM `blocklists`))[0m
  Rendered users/index.html.erb within layouts/application (6.5ms)
  Rendered common/_navbar.html.erb (1.2ms)
  Rendered common/_footer.html.erb (0.6ms)
Completed 200 OK in 84ms (Views: 78.3ms | ActiveRecord: 1.5ms)


Started GET "/" for ::1 at 2017-04-24 10:18:11 +0800
Processing by UsersController#index as HTML
  Rendering users/index.html.erb within layouts/application
  [1m[36mUser Load (0.9ms)[0m  [1m[34mSELECT `users`.* FROM `users` WHERE (ListAgentEmail NOT IN (SELECT `blocklists`.`ListAgentEmail` FROM `blocklists`))[0m
  Rendered users/index.html.erb within layouts/application (4.3ms)
  Rendered common/_navbar.html.erb (0.8ms)
  Rendered common/_footer.html.erb (0.4ms)
Completed 200 OK in 87ms (Views: 83.6ms | ActiveRecord: 0.9ms)


Started GET "/" for ::1 at 2017-04-24 10:18:31 +0800
Processing by UsersController#index as HTML
  Rendering users/index.html.erb within layouts/application
  [1m[36mUser Load (0.9ms)[0m  [1m[34mSELECT `users`.* FROM `users` WHERE (ListAgentEmail NOT IN (SELECT `blocklists`.`ListAgentEmail` FROM `blocklists`))[0m
  Rendered users/index.html.erb within layouts/application (4.1ms)
  Rendered common/_navbar.html.erb (0.6ms)
  Rendered common/_footer.html.erb (0.4ms)
Completed 200 OK in 93ms (Views: 88.5ms | ActiveRecord: 0.9ms)


Started GET "/" for ::1 at 2017-04-24 10:18:46 +0800
Processing by UsersController#index as HTML
  Rendering users/index.html.erb within layouts/application
  [1m[36mUser Load (0.6ms)[0m  [1m[34mSELECT `users`.* FROM `users` WHERE (ListAgentEmail NOT IN (SELECT `blocklists`.`ListAgentEmail` FROM `blocklists`))[0m
  Rendered users/index.html.erb within layouts/application (4.9ms)
  Rendered common/_navbar.html.erb (0.4ms)
  Rendered common/_footer.html.erb (0.3ms)
Completed 200 OK in 90ms (Views: 86.3ms | ActiveRecord: 0.6ms)


Started GET "/" for ::1 at 2017-04-24 10:19:02 +0800
Processing by UsersController#index as HTML
  Rendering users/index.html.erb within layouts/application
  [1m[36mUser Load (0.7ms)[0m  [1m[34mSELECT `users`.* FROM `users` WHERE (ListAgentEmail NOT IN (SELECT `blocklists`.`ListAgentEmail` FROM `blocklists`))[0m
  Rendered users/index.html.erb within layouts/application (4.1ms)
  Rendered common/_navbar.html.erb (0.5ms)
  Rendered common/_footer.html.erb (0.6ms)
Completed 200 OK in 55ms (Views: 50.1ms | ActiveRecord: 0.7ms)


Started GET "/" for ::1 at 2017-04-24 10:19:26 +0800
Processing by UsersController#index as HTML
  Rendering users/index.html.erb within layouts/application
  [1m[36mUser Load (1.5ms)[0m  [1m[34mSELECT `users`.* FROM `users` WHERE (ListAgentEmail NOT IN (SELECT `blocklists`.`ListAgentEmail` FROM `blocklists`))[0m
  Rendered users/index.html.erb within layouts/application (5.7ms)
  Rendered common/_navbar.html.erb (0.6ms)
  Rendered common/_footer.html.erb (0.4ms)
Completed 200 OK in 57ms (Views: 53.2ms | ActiveRecord: 1.5ms)


Started GET "/" for ::1 at 2017-04-24 10:19:42 +0800
Processing by UsersController#index as HTML
  Rendering users/index.html.erb within layouts/application
  [1m[36mUser Load (0.8ms)[0m  [1m[34mSELECT `users`.* FROM `users` WHERE (ListAgentEmail NOT IN (SELECT `blocklists`.`ListAgentEmail` FROM `blocklists`))[0m
  Rendered users/index.html.erb within layouts/application (4.5ms)
  Rendered common/_navbar.html.erb (0.6ms)
  Rendered common/_footer.html.erb (0.5ms)
Completed 200 OK in 56ms (Views: 53.3ms | ActiveRecord: 0.8ms)


Started GET "/" for ::1 at 2017-04-24 10:22:58 +0800
Processing by UsersController#index as HTML
  Rendering users/index.html.erb within layouts/application
  [1m[36mUser Load (1.6ms)[0m  [1m[34mSELECT `users`.* FROM `users` WHERE (ListAgentEmail NOT IN (SELECT `blocklists`.`ListAgentEmail` FROM `blocklists`))[0m
  Rendered users/index.html.erb within layouts/application (14.7ms)
  Rendered common/_navbar.html.erb (0.8ms)
  Rendered common/_footer.html.erb (0.6ms)
Completed 200 OK in 121ms (Views: 104.8ms | ActiveRecord: 1.6ms)


Started GET "/blocklists" for ::1 at 2017-04-24 10:23:00 +0800
Processing by BlocklistsController#index as HTML
  Rendering blocklists/index.html.erb within layouts/application
  [1m[36mBlocklist Load (0.9ms)[0m  [1m[34mSELECT `blocklists`.* FROM `blocklists`[0m
  Rendered blocklists/index.html.erb within layouts/application (6.9ms)
  Rendered common/_navbar.html.erb (1.0ms)
  Rendered common/_footer.html.erb (0.4ms)
Completed 200 OK in 110ms (Views: 105.6ms | ActiveRecord: 0.9ms)


Started GET "/blocklists" for ::1 at 2017-04-24 10:23:01 +0800
Processing by BlocklistsController#index as HTML
  Rendering blocklists/index.html.erb within layouts/application
  [1m[36mBlocklist Load (0.6ms)[0m  [1m[34mSELECT `blocklists`.* FROM `blocklists`[0m
  Rendered blocklists/index.html.erb within layouts/application (4.3ms)
  Rendered common/_navbar.html.erb (0.6ms)
  Rendered common/_footer.html.erb (0.4ms)
Completed 200 OK in 113ms (Views: 110.0ms | ActiveRecord: 0.6ms)


